#
# There is insufficient memory for the Java Runtime Environment to continue.
# Native memory allocation (mmap) failed to map 201326592 bytes for G1 virtual space
# Possible reasons:
#   The system is out of physical RAM or swap space
#   The process is running with CompressedOops enabled, and the Java Heap may be blocking the growth of the native heap
# Possible solutions:
#   Reduce memory load on the system
#   Increase physical memory or swap space
#   Check if swap backing store is full
#   Decrease Java heap size (-Xmx/-Xms)
#   Decrease number of Java threads
#   Decrease Java thread stack sizes (-Xss)
#   Set larger code cache with -XX:ReservedCodeCacheSize=
#   JVM is running with Zero Based Compressed Oops mode in which the Java heap is
#     placed in the first 32GB address space. The Java Heap base address is the
#     maximum limit for the native heap growth. Please use -XX:HeapBaseMinAddress
#     to set the Java Heap base and to place the Java Heap above 32GB virtual address.
# This output file may be truncated or incomplete.
#
#  Out of Memory Error (os_windows.cpp:3600), pid=14152, tid=19500
#
# JRE version:  (21.0.3+7) (build )
# Java VM: Java HotSpot(TM) 64-Bit Server VM (21.0.3+7-LTS-152, mixed mode, sharing, tiered, compressed oops, compressed class ptrs, g1 gc, windows-amd64)
# No core dump will be written. Minidumps are not enabled by default on client versions of Windows
#

---------------  S U M M A R Y ------------

Command Line: C:\Users\joao pedro\AppData\Local\Temp\surefire14426394237897029850\surefirebooter-20260314180623833_3.jar C:\Users\joao pedro\AppData\Local\Temp\surefire14426394237897029850 2026-03-14T18-06-18_450-jvmRun1 surefire-20260314180623833_1tmp surefire_0-20260314180623833_2tmp

Host: Intel(R) Core(TM) i3-8130U CPU @ 2.20GHz, 4 cores, 11G,  Windows 11 , 64 bit Build 26100 (10.0.26100.7920)
Time: Sat Mar 14 18:06:28 2026 Hora oficial do Brasil elapsed time: 1.066402 seconds (0d 0h 0m 1s)

---------------  T H R E A D  ---------------

Current thread (0x00000171fbb4b8a0):  JavaThread "Unknown thread" [_thread_in_vm, id=19500, stack(0x0000000c88800000,0x0000000c88900000) (1024K)]

Stack: [0x0000000c88800000,0x0000000c88900000]
Native frames: (J=compiled Java code, j=interpreted, Vv=VM code, C=native code)
V  [jvm.dll+0x6c63b9]
V  [jvm.dll+0x84fa11]
V  [jvm.dll+0x851f3e]
V  [jvm.dll+0x852613]
V  [jvm.dll+0x27cd46]
V  [jvm.dll+0x6c2b55]
V  [jvm.dll+0x6b76da]
V  [jvm.dll+0x35051a]
V  [jvm.dll+0x358176]
V  [jvm.dll+0x3aa84e]
V  [jvm.dll+0x3aaaf8]
V  [jvm.dll+0x32491c]
V  [jvm.dll+0x32547b]
V  [jvm.dll+0x818f69]
V  [jvm.dll+0x3b7771]
V  [jvm.dll+0x802358]
V  [jvm.dll+0x44c7ce]
V  [jvm.dll+0x44e2a1]
C  [jli.dll+0x52a3]
C  [ucrtbase.dll+0x37b0]
C  [KERNEL32.DLL+0x2e8d7]
C  [ntdll.dll+0x8c48c]


---------------  P R O C E S S  ---------------

Threads class SMR info:
_java_thread_list=0x00007ff95a491b88, length=0, elements={
}

Java Threads: ( => current thread )
Total: 0

Other Threads:
  0x00000171fbb9a5d0 WorkerThread "GC Thread#0"                     [id=17924, stack(0x0000000c88900000,0x0000000c88a00000) (1024K)]
  0x00000171fbba7c40 ConcurrentGCThread "G1 Main Marker"            [id=18304, stack(0x0000000c88a00000,0x0000000c88b00000) (1024K)]
  0x00000171fbba9b50 WorkerThread "G1 Conc#0"                       [id=2836, stack(0x0000000c88b00000,0x0000000c88c00000) (1024K)]

[error occurred during error reporting (printing all threads), id 0xc0000005, EXCEPTION_ACCESS_VIOLATION (0xc0000005) at pc=0x00007ff959c07077]
VM state: not at safepoint (not fully initialized)

VM Mutex/Monitor currently owned by a thread:  ([mutex/lock_event])
[0x00007ff95a502ea8] Heap_lock - owner thread: 0x00000171fbb4b8a0

Heap address: 0x0000000741800000, size: 3048 MB, Compressed Oops mode: Zero based, Oop shift amount: 3

CDS archive(s) mapped at: [0x0000000000000000-0x0000000000000000-0x0000000000000000), size 0, SharedBaseAddress: 0x0000000800000000, ArchiveRelocationMode: 1.
Narrow klass base: 0x0000000000000000, Narrow klass shift: 0, Narrow klass range: 0x0

GC Precious Log:
 CardTable entry size: 512
 Card Set container configuration: InlinePtr #cards 4 size 8 Array Of Cards #cards 16 size 48 Howl #buckets 8 coarsen threshold 3686 Howl Bitmap #cards 512 size 80 coarsen threshold 460 Card regions per heap region 1 cards per card region 4096

Heap:
 garbage-first heap   total 0K, used 0K [0x0000000741800000, 0x0000000800000000)
  region size 2048K, 0 young (0K), 0 survivors (0K)

[error occurred during error reporting (printing heap information), id 0xc0000005, EXCEPTION_ACCESS_VIOLATION (0xc0000005) at pc=0x00007ff959fee669]
GC Heap History (0 events):
No events

Dll operation events (1 events):
Event: 0.031 Loaded shared library C:\Program Files\Java\jdk-21\bin\java.dll

Deoptimization events (0 events):
No events

Classes loaded (0 events):
No events

Classes unloaded (0 events):
No events

Classes redefined (0 events):
No events

Internal exceptions (0 events):
No events

ZGC Phase Switch (0 events):
No events

VM Operations (0 events):
No events

Events (0 events):
No events


Dynamic libraries:
0x00007ff65c220000 - 0x00007ff65c230000 	C:\Program Files\Java\jdk-21\bin\java.exe
0x00007ff9bd100000 - 0x00007ff9bd367000 	C:\WINDOWS\SYSTEM32\ntdll.dll
0x00007ff9bc520000 - 0x00007ff9bc5e9000 	C:\WINDOWS\System32\KERNEL32.DLL
0x00007ff9b9d00000 - 0x00007ff9ba0f1000 	C:\WINDOWS\System32\KERNELBASE.dll
0x00007ff9ba100000 - 0x00007ff9ba24b000 	C:\WINDOWS\System32\ucrtbase.dll
0x00007ff9881e0000 - 0x00007ff9881f9000 	C:\Program Files\Java\jdk-21\bin\jli.dll
0x00007ff9bbb50000 - 0x00007ff9bbc0b000 	C:\WINDOWS\System32\ADVAPI32.dll
0x00007ff9bcfd0000 - 0x00007ff9bd079000 	C:\WINDOWS\System32\msvcrt.dll
0x00007ff9bcbf0000 - 0x00007ff9bcc97000 	C:\WINDOWS\System32\sechost.dll
0x00007ff9bb7c0000 - 0x00007ff9bb8d8000 	C:\WINDOWS\System32\RPCRT4.dll
0x00007ff9bce00000 - 0x00007ff9bcfc5000 	C:\WINDOWS\System32\USER32.dll
0x00007ff9b9cd0000 - 0x00007ff9b9cf7000 	C:\WINDOWS\System32\win32u.dll
0x00007ff9bb8e0000 - 0x00007ff9bb90b000 	C:\WINDOWS\System32\GDI32.dll
0x00007ff9b9ba0000 - 0x00007ff9b9ccb000 	C:\WINDOWS\System32\gdi32full.dll
0x00007ff9b99b0000 - 0x00007ff9b9a53000 	C:\WINDOWS\System32\msvcp_win.dll
0x00007ff9804d0000 - 0x00007ff9804eb000 	C:\Program Files\Java\jdk-21\bin\VCRUNTIME140.dll
0x00007ff9a4640000 - 0x00007ff9a48d3000 	C:\WINDOWS\WinSxS\amd64_microsoft.windows.common-controls_6595b64144ccf1df_6.0.26100.8037_none_3e092faae333b53b\COMCTL32.dll
0x00007ff9a5180000 - 0x00007ff9a518b000 	C:\WINDOWS\SYSTEM32\VERSION.dll
0x00007ff9bbec0000 - 0x00007ff9bbef1000 	C:\WINDOWS\System32\IMM32.DLL
0x00007ff9a01a0000 - 0x00007ff9a01ac000 	C:\Program Files\Java\jdk-21\bin\vcruntime140_1.dll
0x00007ff95d0c0000 - 0x00007ff95d14e000 	C:\Program Files\Java\jdk-21\bin\msvcp140.dll
0x00007ff9598d0000 - 0x00007ff95a5dd000 	C:\Program Files\Java\jdk-21\bin\server\jvm.dll
0x00007ff9bbc10000 - 0x00007ff9bbc84000 	C:\WINDOWS\System32\WS2_32.dll
0x00007ff9b9830000 - 0x00007ff9b988e000 	C:\WINDOWS\SYSTEM32\POWRPROF.dll
0x00007ff99c540000 - 0x00007ff99c575000 	C:\WINDOWS\SYSTEM32\WINMM.dll
0x00007ff9b97f0000 - 0x00007ff9b9804000 	C:\WINDOWS\SYSTEM32\UMPDC.dll
0x00007ff9b8720000 - 0x00007ff9b873b000 	C:\WINDOWS\SYSTEM32\kernel.appcore.dll
0x00007ff99caa0000 - 0x00007ff99caaa000 	C:\Program Files\Java\jdk-21\bin\jimage.dll
0x00007ff9b4860000 - 0x00007ff9b4aa2000 	C:\WINDOWS\SYSTEM32\DBGHELP.DLL
0x00007ff9bc100000 - 0x00007ff9bc482000 	C:\WINDOWS\System32\combase.dll
0x00007ff9bbd90000 - 0x00007ff9bbe67000 	C:\WINDOWS\System32\OLEAUT32.dll
0x00007ff99d210000 - 0x00007ff99d24b000 	C:\WINDOWS\SYSTEM32\dbgcore.DLL
0x00007ff9b9a60000 - 0x00007ff9b9b05000 	C:\WINDOWS\System32\bcryptPrimitives.dll
0x00007ff977700000 - 0x00007ff97771f000 	C:\Program Files\Java\jdk-21\bin\java.dll

dbghelp: loaded successfully - version: 4.0.5 - missing functions: none
symbol engine: initialized successfully - sym options: 0x614 - pdb path: .;C:\Program Files\Java\jdk-21\bin;C:\WINDOWS\SYSTEM32;C:\WINDOWS\WinSxS\amd64_microsoft.windows.common-controls_6595b64144ccf1df_6.0.26100.8037_none_3e092faae333b53b;C:\Program Files\Java\jdk-21\bin\server

VM Arguments:
java_command: C:\Users\joao pedro\AppData\Local\Temp\surefire14426394237897029850\surefirebooter-20260314180623833_3.jar C:\Users\joao pedro\AppData\Local\Temp\surefire14426394237897029850 2026-03-14T18-06-18_450-jvmRun1 surefire-20260314180623833_1tmp surefire_0-20260314180623833_2tmp
java_class_path (initial): C:\Users\joao pedro\AppData\Local\Temp\surefire14426394237897029850\surefirebooter-20260314180623833_3.jar
Launcher Type: SUN_STANDARD

[Global flags]
     intx CICompilerCount                          = 3                                         {product} {ergonomic}
     uint ConcGCThreads                            = 1                                         {product} {ergonomic}
     uint G1ConcRefinementThreads                  = 4                                         {product} {ergonomic}
   size_t G1HeapRegionSize                         = 2097152                                   {product} {ergonomic}
    uintx GCDrainStackTargetSize                   = 64                                        {product} {ergonomic}
   size_t InitialHeapSize                          = 201326592                                 {product} {ergonomic}
   size_t MarkStackSize                            = 4194304                                   {product} {ergonomic}
   size_t MaxHeapSize                              = 3196059648                                {product} {ergonomic}
   size_t MinHeapDeltaBytes                        = 2097152                                   {product} {ergonomic}
   size_t MinHeapSize                              = 8388608                                   {product} {ergonomic}
    uintx NonNMethodCodeHeapSize                   = 5832780                                {pd product} {ergonomic}
    uintx NonProfiledCodeHeapSize                  = 122912730                              {pd product} {ergonomic}
    uintx ProfiledCodeHeapSize                     = 122912730                              {pd product} {ergonomic}
    uintx ReservedCodeCacheSize                    = 251658240                              {pd product} {ergonomic}
     bool SegmentedCodeCache                       = true                                      {product} {ergonomic}
   size_t SoftMaxHeapSize                          = 3196059648                             {manageable} {ergonomic}
     bool UseCompressedOops                        = true                           {product lp64_product} {ergonomic}
     bool UseG1GC                                  = true                                      {product} {ergonomic}
     bool UseLargePagesIndividualAllocation        = false                                  {pd product} {ergonomic}

Logging:
Log output configuration:
 #0: stdout all=warning uptime,level,tags foldmultilines=false
 #1: stderr all=off uptime,level,tags foldmultilines=false

Environment Variables:
JAVA_HOME=C:\Program Files\Java\jdk-21
CLASSPATH=.;C:\Program Files\Java\jdk-21\lib
PATH=C:\Users\joao pedro\AppData\Local\Programas\Python\Python38\Scripts;C:\Users\joao pedro\AppData\Local\Programas\Python\Python38;C:\Program Files\Microsoft MPI\Bin\;C:\Program Files\Java\jdk-11.0.11;C:\Program Files\Java\jdk-21\bin;C:\Program Files\Common Files\Oracle\Java\javapath;C:\Program Files (x86)\Common Files\Oracle\Java\java8path;C:\Program Files (x86)\Common Files\Oracle\Java\javapath;C:\WINDOWS\system32;C:\WINDOWS;C:\WINDOWS\System32\Wbem;C:\WINDOWS\System32\WindowsPowerShell\v1.0\;C:\WINDOWS\System32\OpenSSH\;C:\Program Files\Java\jdk-11.0.11\bin;C:\apache-maven-3.8.6\bin;C:\Program Files\Git\cmd;C:\Program Files (x86)\Microsoft SQL Server\150\Tools\Binn\;C:\Program Files\Microsoft SQL Server\150\Tools\Binn\;C:\Program Files (x86)\Microsoft SQL Server\150\DTS\Binn\;C:\Program Files\Microsoft SQL Server\150\DTS\Binn\;C:\Program Files\Microsoft SQL Server\Client SDK\ODBC\170\Tools\Binn\;C:\Program Files\Docker\Docker\resources\bin;C:\Users\joao pedro\AppData\Roaming\nvm;C:\Program Files\nodejs;C:\Program Files\PuTTY\;C:\Users\joao pedro\AppData\Local\Programas\Python\Python38\Scripts\;C:\Users\joao pedro\AppData\Local\Programas\Python\Python38\;C:\Users\joao pedro\AppData\Local\Microsoft\WindowsApps;C:\Program Files\heroku\bin;C:\Program Files\Azure Data Studio\bin;C:\Users\joao pedro\AppData\Local\Programs\Microsoft VS Code\bin;C:\Users\joao pedro\AppData\Roaming\npm;C:\Users\joao pedro\AppData\Roaming\nvm;C:\Program Files\nodejs;C:\Users\joao pedro\sonarqube\sonar-scanner-7.1.0.4889-windows-x64\bin;C:\Users\joao pedro\AppData\Local\Programs\cursor\resources\app\bin;C:\Users\joao pedro\AppData\Local\Programs\Antigravity\bin
USERNAME=joaopedro
OS=Windows_NT
PROCESSOR_IDENTIFIER=Intel64 Family 6 Model 142 Stepping 10, GenuineIntel
TMP=C:\Users\JOAOPE~1\AppData\Local\Temp
TEMP=C:\Users\JOAOPE~1\AppData\Local\Temp




Periodic native trim disabled

---------------  S Y S T E M  ---------------

OS:
 Windows 11 , 64 bit Build 26100 (10.0.26100.7920)
OS uptime: 0 days 5:22 hours
Hyper-V role detected

CPU: total 4 (initial active 4) (2 cores per cpu, 2 threads per core) family 6 model 142 stepping 10 microcode 0xf4, cx8, cmov, fxsr, ht, mmx, 3dnowpref, sse, sse2, sse3, ssse3, sse4.1, sse4.2, popcnt, lzcnt, tsc, tscinvbit, avx, avx2, aes, erms, clmul, bmi1, bmi2, adx, fma, vzeroupper, clflush, clflushopt, hv, rdtscp, f16c
Processor Information for processor 0
  Max Mhz: 2208, Current Mhz: 1505, Mhz Limit: 2208
Processor Information for processor 1
  Max Mhz: 2208, Current Mhz: 2208, Mhz Limit: 2208
Processor Information for processor 2
  Max Mhz: 2208, Current Mhz: 2208, Mhz Limit: 2208
Processor Information for processor 3
  Max Mhz: 2208, Current Mhz: 1505, Mhz Limit: 2208

Memory: 4k page, system-wide physical 12188M (765M free)
TotalPageFile size 24476M (AvailPageFile size 42M)
current process WorkingSet (physical memory assigned to process): 12M, peak: 12M
current process commit charge ("private bytes"): 52M, peak: 243M

vm_info: Java HotSpot(TM) 64-Bit Server VM (21.0.3+7-LTS-152) for windows-amd64 JRE (21.0.3+7-LTS-152), built on 2024-03-11T17:42:26Z by "mach5one" with MS VC++ 17.6 (VS2022)

END.
